#
# There is insufficient memory for the Java Runtime Environment to continue.
# Native memory allocation (malloc) failed to allocate 131088 bytes for Chunk::new
# Possible reasons:
#   The system is out of physical RAM or swap space
#   The process is running with CompressedOops enabled, and the Java Heap may be blocking the growth of the native heap
# Possible solutions:
#   Reduce memory load on the system
#   Increase physical memory or swap space
#   Check if swap backing store is full
#   Decrease Java heap size (-Xmx/-Xms)
#   Decrease number of Java threads
#   Decrease Java thread stack sizes (-Xss)
#   Set larger code cache with -XX:ReservedCodeCacheSize=
#   JVM is running with Unscaled Compressed Oops mode in which the Java heap is
#     placed in the first 4GB address space. The Java Heap base address is the
#     maximum limit for the native heap growth. Please use -XX:HeapBaseMinAddress
#     to set the Java Heap base and to place the Java Heap above 4GB virtual address.
# This output file may be truncated or incomplete.
#
#  Out of Memory Error (./src/hotspot/share/memory/arena.cpp:197), pid=15840, tid=19780
#
# JRE version: OpenJDK Runtime Environment (11.0.11+9) (build 11.0.11+9-b60-7590822)
# Java VM: OpenJDK 64-Bit Server VM (11.0.11+9-b60-7590822, mixed mode, tiered, compressed oops, g1 gc, windows-amd64)
# No core dump will be written. Minidumps are not enabled by default on client versions of Windows
#

---------------  S U M M A R Y ------------

Command Line: --add-opens=java.base/java.util=ALL-UNNAMED --add-opens=java.base/java.lang=ALL-UNNAMED --add-opens=java.base/java.lang.invoke=ALL-UNNAMED --add-opens=java.base/java.util=ALL-UNNAMED --add-opens=java.prefs/java.util.prefs=ALL-UNNAMED --add-opens=java.prefs/java.util.prefs=ALL-UNNAMED --add-opens=java.base/java.nio.charset=ALL-UNNAMED --add-opens=java.base/java.net=ALL-UNNAMED --add-opens=java.base/java.util.concurrent.atomic=ALL-UNNAMED -Xmx2048m -Dfile.encoding=UTF-8 -Duser.country=US -Duser.language=en -Duser.variant org.gradle.launcher.daemon.bootstrap.GradleDaemon 7.2

Host: Intel(R) Core(TM) i5-7200U CPU @ 2.50GHz, 4 cores, 7G,  Windows 10 , 64 bit Build 22000 (10.0.22000.434)
Time: Wed Mar 23 17:31:38 2022 Greenwich Standard Time elapsed time: 6.969210 seconds (0d 0h 0m 6s)

---------------  T H R E A D  ---------------

Current thread (0x000001ff7a13f800):  JavaThread "C2 CompilerThread0" daemon [_thread_in_native, id=19780, stack(0x0000005b4e600000,0x0000005b4e700000)]


Current CompileTask:
C2:   6969 2246       4       java.net.URLClassLoader$1::run (5 bytes)

Stack: [0x0000005b4e600000,0x0000005b4e700000]
Native frames: (J=compiled Java code, j=interpreted, Vv=VM code, C=native code)
V  [jvm.dll+0x5f214a]
V  [jvm.dll+0x726fb5]
V  [jvm.dll+0x7285cd]
V  [jvm.dll+0x728c83]
V  [jvm.dll+0x243278]
V  [jvm.dll+0xbc53c]
V  [jvm.dll+0xbca3c]
V  [jvm.dll+0xbc638]
V  [jvm.dll+0x5d14e0]
V  [jvm.dll+0x4f672e]
V  [jvm.dll+0x4f5a13]
V  [jvm.dll+0x4f59c1]
V  [jvm.dll+0x4f8985]
V  [jvm.dll+0x4f844b]
V  [jvm.dll+0x4f7c1f]
V  [jvm.dll+0x4f7c33]
V  [jvm.dll+0x4f7c33]
V  [jvm.dll+0x4f7be6]
V  [jvm.dll+0x4f7c33]
V  [jvm.dll+0x4f7c33]
V  [jvm.dll+0x4f7c33]
V  [jvm.dll+0x4f7c33]
V  [jvm.dll+0x5089e6]
V  [jvm.dll+0x1fd826]
V  [jvm.dll+0x1fb35f]
V  [jvm.dll+0x183d6c]
V  [jvm.dll+0x209a57]
V  [jvm.dll+0x2082a1]
V  [jvm.dll+0x6ef58f]
V  [jvm.dll+0x6e80b5]
V  [jvm.dll+0x5f1036]
C  [ucrtbase.dll+0x26c0c]
C  [KERNEL32.DLL+0x154e0]
C  [ntdll.dll+0x485b]


---------------  P R O C E S S  ---------------

Threads class SMR info:
_java_thread_list=0x000001ff7e7e0e40, length=24, elements={
0x000001ff5e5ad800, 0x000001ff7a117800, 0x000001ff7a120800, 0x000001ff7aab3000,
0x000001ff7a12f800, 0x000001ff7a132800, 0x000001ff7a13f800, 0x000001ff7a144000,
0x000001ff7a145800, 0x000001ff7abfd000, 0x000001ff7c15f000, 0x000001ff7c190800,
0x000001ff7e568800, 0x000001ff7d0b8000, 0x000001ff7bb2d000, 0x000001ff7cdba800,
0x000001ff7c625000, 0x000001ff7e82f000, 0x000001ff7e45f000, 0x000001ff7d0ec000,
0x000001ff7d0ee000, 0x000001ff7d0ef000, 0x000001ff7d0e9800, 0x000001ff7d0f0000
}

Java Threads: ( => current thread )
  0x000001ff5e5ad800 JavaThread "main" [_thread_blocked, id=20080, stack(0x0000005b4da00000,0x0000005b4db00000)]
  0x000001ff7a117800 JavaThread "Reference Handler" daemon [_thread_blocked, id=2720, stack(0x0000005b4e100000,0x0000005b4e200000)]
  0x000001ff7a120800 JavaThread "Finalizer" daemon [_thread_blocked, id=6576, stack(0x0000005b4e200000,0x0000005b4e300000)]
  0x000001ff7aab3000 JavaThread "Signal Dispatcher" daemon [_thread_blocked, id=13364, stack(0x0000005b4e300000,0x0000005b4e400000)]
  0x000001ff7a12f800 JavaThread "Attach Listener" daemon [_thread_blocked, id=20040, stack(0x0000005b4e400000,0x0000005b4e500000)]
  0x000001ff7a132800 JavaThread "Service Thread" daemon [_thread_blocked, id=18644, stack(0x0000005b4e500000,0x0000005b4e600000)]
=>0x000001ff7a13f800 JavaThread "C2 CompilerThread0" daemon [_thread_in_native, id=19780, stack(0x0000005b4e600000,0x0000005b4e700000)]
  0x000001ff7a144000 JavaThread "C1 CompilerThread0" daemon [_thread_blocked, id=8808, stack(0x0000005b4e700000,0x0000005b4e800000)]
  0x000001ff7a145800 JavaThread "Sweeper thread" daemon [_thread_blocked, id=4624, stack(0x0000005b4e800000,0x0000005b4e900000)]
  0x000001ff7abfd000 JavaThread "Common-Cleaner" daemon [_thread_blocked, id=6868, stack(0x0000005b4e900000,0x0000005b4ea00000)]
  0x000001ff7c15f000 JavaThread "Daemon health stats" [_thread_blocked, id=19552, stack(0x0000005b4ee00000,0x0000005b4ef00000)]
  0x000001ff7c190800 JavaThread "Incoming local TCP Connector on port 61525" [_thread_in_native, id=12328, stack(0x0000005b4eb00000,0x0000005b4ec00000)]
  0x000001ff7e568800 JavaThread "Daemon periodic checks" [_thread_blocked, id=13832, stack(0x0000005b4ef00000,0x0000005b4f000000)]
  0x000001ff7d0b8000 JavaThread "Daemon" [_thread_blocked, id=1168, stack(0x0000005b4f000000,0x0000005b4f100000)]
  0x000001ff7bb2d000 JavaThread "Handler for socket connection from /127.0.0.1:61525 to /127.0.0.1:61526" [_thread_in_native, id=4456, stack(0x0000005b4f100000,0x0000005b4f200000)]
  0x000001ff7cdba800 JavaThread "Cancel handler" [_thread_blocked, id=5604, stack(0x0000005b4f200000,0x0000005b4f300000)]
  0x000001ff7c625000 JavaThread "Daemon worker" [_thread_in_Java, id=14432, stack(0x0000005b4f300000,0x0000005b4f400000)]
  0x000001ff7e82f000 JavaThread "Asynchronous log dispatcher for DefaultDaemonConnection: socket connection from /127.0.0.1:61525 to /127.0.0.1:61526" [_thread_blocked, id=19560, stack(0x0000005b4f400000,0x0000005b4f500000)]
  0x000001ff7e45f000 JavaThread "Stdin handler" [_thread_blocked, id=19092, stack(0x0000005b4f500000,0x0000005b4f600000)]
  0x000001ff7d0ec000 JavaThread "Daemon client event forwarder" [_thread_blocked, id=15780, stack(0x0000005b4f700000,0x0000005b4f800000)]
  0x000001ff7d0ee000 JavaThread "Cache worker for journal cache (C:\Users\fritz\.gradle\caches\journal-1)" [_thread_blocked, id=3468, stack(0x0000005b4f600000,0x0000005b4f700000)]
  0x000001ff7d0ef000 JavaThread "File lock request listener" [_thread_in_native, id=1200, stack(0x0000005b4f900000,0x0000005b4fa00000)]
  0x000001ff7d0e9800 JavaThread "Cache worker for file hash cache (C:\Users\fritz\.gradle\caches\7.2\fileHashes)" [_thread_blocked, id=14596, stack(0x0000005b4fa00000,0x0000005b4fb00000)]
  0x000001ff7d0f0000 JavaThread "Cache worker for file hash cache (C:\Users\fritz\Android\Fend\.gradle\7.2\fileHashes)" [_thread_blocked, id=17652, stack(0x0000005b4fb00000,0x0000005b4fc00000)]

Other Threads:
  0x000001ff7a10f800 VMThread "VM Thread" [stack: 0x0000005b4e000000,0x0000005b4e100000] [id=20200]
  0x000001ff7ac37000 WatcherThread [stack: 0x0000005b4ea00000,0x0000005b4eb00000] [id=6428]
  0x000001ff5e5c7000 GCTaskThread "GC Thread#0" [stack: 0x0000005b4db00000,0x0000005b4dc00000] [id=20184]
  0x000001ff7b1fd000 GCTaskThread "GC Thread#1" [stack: 0x0000005b4ec00000,0x0000005b4ed00000] [id=3884]
  0x000001ff7acf7000 GCTaskThread "GC Thread#2" [stack: 0x0000005b4ed00000,0x0000005b4ee00000] [id=10172]
  0x000001ff7c26a000 GCTaskThread "GC Thread#3" [stack: 0x0000005b4f800000,0x0000005b4f900000] [id=5392]
  0x000001ff5e5f6800 ConcurrentGCThread "G1 Main Marker" [stack: 0x0000005b4dc00000,0x0000005b4dd00000] [id=1592]
  0x000001ff5e5f8000 ConcurrentGCThread "G1 Conc#0" [stack: 0x0000005b4dd00000,0x0000005b4de00000] [id=3168]
  0x000001ff5e68c000 ConcurrentGCThread "G1 Refine#0" [stack: 0x0000005b4de00000,0x0000005b4df00000] [id=3336]
  0x000001ff5e68d800 ConcurrentGCThread "G1 Young RemSet Sampling" [stack: 0x0000005b4df00000,0x0000005b4e000000] [id=12156]

Threads with active compile tasks:
C2 CompilerThread0   7018 2246       4       java.net.URLClassLoader$1::run (5 bytes)

VM state:not at safepoint (normal execution)

VM Mutex/Monitor currently owned by a thread: None

Heap address: 0x0000000080000000, size: 2048 MB, Compressed Oops mode: 32-bit
Narrow klass base: 0x0000000000000000, Narrow klass shift: 3
Compressed class space size: 1073741824 Address: 0x0000000100000000

Heap:
 garbage-first heap   total 131072K, used 62993K [0x0000000080000000, 0x0000000100000000)
  region size 1024K, 51 young (52224K), 5 survivors (5120K)
 Metaspace       used 25274K, capacity 25849K, committed 25904K, reserved 1071104K
  class space    used 3257K, capacity 3450K, committed 3456K, reserved 1048576K
Heap Regions: E=young(eden), S=young(survivor), O=old, HS=humongous(starts), HC=humongous(continues), CS=collection set, F=free, A=archive, TAMS=top-at-mark-start (previous, next)
|   0|0x0000000080000000, 0x0000000080100000, 0x0000000080100000|100%| O|  |TAMS 0x0000000080100000, 0x0000000080000000| Untracked 
|   1|0x0000000080100000, 0x0000000080200000, 0x0000000080200000|100%| O|  |TAMS 0x0000000080200000, 0x0000000080100000| Untracked 
|   2|0x0000000080200000, 0x0000000080300000, 0x0000000080300000|100%| O|  |TAMS 0x0000000080300000, 0x0000000080200000| Untracked 
|   3|0x0000000080300000, 0x0000000080400000, 0x0000000080400000|100%|HS|  |TAMS 0x0000000080400000, 0x0000000080300000| Complete 
|   4|0x0000000080400000, 0x0000000080500000, 0x0000000080500000|100%|HC|  |TAMS 0x0000000080500000, 0x0000000080400000| Complete 
|   5|0x0000000080500000, 0x0000000080600000, 0x0000000080600000|100%|HC|  |TAMS 0x0000000080600000, 0x0000000080500000| Complete 
|   6|0x0000000080600000, 0x0000000080700000, 0x0000000080700000|100%| O|  |TAMS 0x0000000080700000, 0x0000000080600000| Untracked 
|   7|0x0000000080700000, 0x0000000080800000, 0x0000000080800000|100%| O|  |TAMS 0x0000000080800000, 0x0000000080700000| Untracked 
|   8|0x0000000080800000, 0x0000000080900000, 0x0000000080900000|100%| O|  |TAMS 0x0000000080900000, 0x0000000080800000| Untracked 
|   9|0x0000000080900000, 0x0000000080a00000, 0x0000000080a00000|100%| O|  |TAMS 0x0000000080a00000, 0x0000000080900000| Untracked 
|  10|0x0000000080a00000, 0x0000000080b00000, 0x0000000080b00000|100%| O|  |TAMS 0x0000000080b00000, 0x0000000080a00000| Untracked 
|  11|0x0000000080b00000, 0x0000000080ba4600, 0x0000000080c00000| 64%| O|  |TAMS 0x0000000080ba4600, 0x0000000080b00000| Untracked 
|  12|0x0000000080c00000, 0x0000000080c00000, 0x0000000080d00000|  0%| F|  |TAMS 0x0000000080c00000, 0x0000000080c00000| Untracked 
|  13|0x0000000080d00000, 0x0000000080d00000, 0x0000000080e00000|  0%| F|  |TAMS 0x0000000080d00000, 0x0000000080d00000| Untracked 
|  14|0x0000000080e00000, 0x0000000080e00000, 0x0000000080f00000|  0%| F|  |TAMS 0x0000000080e00000, 0x0000000080e00000| Untracked 
|  15|0x0000000080f00000, 0x0000000080f00000, 0x0000000081000000|  0%| F|  |TAMS 0x0000000080f00000, 0x0000000080f00000| Untracked 
|  16|0x0000000081000000, 0x0000000081000000, 0x0000000081100000|  0%| F|  |TAMS 0x0000000081000000, 0x0000000081000000| Untracked 
|  17|0x0000000081100000, 0x0000000081100000, 0x0000000081200000|  0%| F|  |TAMS 0x0000000081100000, 0x0000000081100000| Untracked 
|  18|0x0000000081200000, 0x0000000081200000, 0x0000000081300000|  0%| F|  |TAMS 0x0000000081200000, 0x0000000081200000| Untracked 
|  19|0x0000000081300000, 0x0000000081300000, 0x0000000081400000|  0%| F|  |TAMS 0x0000000081300000, 0x0000000081300000| Untracked 
|  20|0x0000000081400000, 0x0000000081400000, 0x0000000081500000|  0%| F|  |TAMS 0x0000000081400000, 0x0000000081400000| Untracked 
|  21|0x0000000081500000, 0x0000000081500000, 0x0000000081600000|  0%| F|  |TAMS 0x0000000081500000, 0x0000000081500000| Untracked 
|  22|0x0000000081600000, 0x0000000081600000, 0x0000000081700000|  0%| F|  |TAMS 0x0000000081600000, 0x0000000081600000| Untracked 
|  23|0x0000000081700000, 0x0000000081700000, 0x0000000081800000|  0%| F|  |TAMS 0x0000000081700000, 0x0000000081700000| Untracked 
|  24|0x0000000081800000, 0x0000000081800000, 0x0000000081900000|  0%| F|  |TAMS 0x0000000081800000, 0x0000000081800000| Untracked 
|  25|0x0000000081900000, 0x0000000081900000, 0x0000000081a00000|  0%| F|  |TAMS 0x0000000081900000, 0x0000000081900000| Untracked 
|  26|0x0000000081a00000, 0x0000000081a00000, 0x0000000081b00000|  0%| F|  |TAMS 0x0000000081a00000, 0x0000000081a00000| Untracked 
|  27|0x0000000081b00000, 0x0000000081b00000, 0x0000000081c00000|  0%| F|  |TAMS 0x0000000081b00000, 0x0000000081b00000| Untracked 
|  28|0x0000000081c00000, 0x0000000081c00000, 0x0000000081d00000|  0%| F|  |TAMS 0x0000000081c00000, 0x0000000081c00000| Untracked 
|  29|0x0000000081d00000, 0x0000000081d00000, 0x0000000081e00000|  0%| F|  |TAMS 0x0000000081d00000, 0x0000000081d00000| Untracked 
|  30|0x0000000081e00000, 0x0000000081e00000, 0x0000000081f00000|  0%| F|  |TAMS 0x0000000081e00000, 0x0000000081e00000| Untracked 
|  31|0x0000000081f00000, 0x0000000081f00000, 0x0000000082000000|  0%| F|  |TAMS 0x0000000081f00000, 0x0000000081f00000| Untracked 
|  32|0x0000000082000000, 0x0000000082000000, 0x0000000082100000|  0%| F|  |TAMS 0x0000000082000000, 0x0000000082000000| Untracked 
|  33|0x0000000082100000, 0x0000000082100000, 0x0000000082200000|  0%| F|  |TAMS 0x0000000082100000, 0x0000000082100000| Untracked 
|  34|0x0000000082200000, 0x0000000082200000, 0x0000000082300000|  0%| F|  |TAMS 0x0000000082200000, 0x0000000082200000| Untracked 
|  35|0x0000000082300000, 0x0000000082300000, 0x0000000082400000|  0%| F|  |TAMS 0x0000000082300000, 0x0000000082300000| Untracked 
|  36|0x0000000082400000, 0x0000000082400000, 0x0000000082500000|  0%| F|  |TAMS 0x0000000082400000, 0x0000000082400000| Untracked 
|  37|0x0000000082500000, 0x0000000082500000, 0x0000000082600000|  0%| F|  |TAMS 0x0000000082500000, 0x0000000082500000| Untracked 
|  38|0x0000000082600000, 0x0000000082600000, 0x0000000082700000|  0%| F|  |TAMS 0x0000000082600000, 0x0000000082600000| Untracked 
|  39|0x0000000082700000, 0x0000000082700000, 0x0000000082800000|  0%| F|  |TAMS 0x0000000082700000, 0x0000000082700000| Untracked 
|  40|0x0000000082800000, 0x0000000082800000, 0x0000000082900000|  0%| F|  |TAMS 0x0000000082800000, 0x0000000082800000| Untracked 
|  41|0x0000000082900000, 0x0000000082900000, 0x0000000082a00000|  0%| F|  |TAMS 0x0000000082900000, 0x0000000082900000| Untracked 
|  42|0x0000000082a00000, 0x0000000082a00000, 0x0000000082b00000|  0%| F|  |TAMS 0x0000000082a00000, 0x0000000082a00000| Untracked 
|  43|0x0000000082b00000, 0x0000000082b00000, 0x0000000082c00000|  0%| F|  |TAMS 0x0000000082b00000, 0x0000000082b00000| Untracked 
|  44|0x0000000082c00000, 0x0000000082c00000, 0x0000000082d00000|  0%| F|  |TAMS 0x0000000082c00000, 0x0000000082c00000| Untracked 
|  45|0x0000000082d00000, 0x0000000082d00000, 0x0000000082e00000|  0%| F|  |TAMS 0x0000000082d00000, 0x0000000082d00000| Untracked 
|  46|0x0000000082e00000, 0x0000000082e00000, 0x0000000082f00000|  0%| F|  |TAMS 0x0000000082e00000, 0x0000000082e00000| Untracked 
|  47|0x0000000082f00000, 0x0000000082f00000, 0x0000000083000000|  0%| F|  |TAMS 0x0000000082f00000, 0x0000000082f00000| Untracked 
|  48|0x0000000083000000, 0x0000000083000000, 0x0000000083100000|  0%| F|  |TAMS 0x0000000083000000, 0x0000000083000000| Untracked 
|  49|0x0000000083100000, 0x0000000083100000, 0x0000000083200000|  0%| F|  |TAMS 0x0000000083100000, 0x0000000083100000| Untracked 
|  50|0x0000000083200000, 0x0000000083200000, 0x0000000083300000|  0%| F|  |TAMS 0x0000000083200000, 0x0000000083200000| Untracked 
|  51|0x0000000083300000, 0x0000000083300000, 0x0000000083400000|  0%| F|  |TAMS 0x0000000083300000, 0x0000000083300000| Untracked 
|  52|0x0000000083400000, 0x0000000083400000, 0x0000000083500000|  0%| F|  |TAMS 0x0000000083400000, 0x0000000083400000| Untracked 
|  53|0x0000000083500000, 0x0000000083500000, 0x0000000083600000|  0%| F|  |TAMS 0x0000000083500000, 0x0000000083500000| Untracked 
|  54|0x0000000083600000, 0x0000000083600000, 0x0000000083700000|  0%| F|  |TAMS 0x0000000083600000, 0x0000000083600000| Untracked 
|  55|0x0000000083700000, 0x0000000083700000, 0x0000000083800000|  0%| F|  |TAMS 0x0000000083700000, 0x0000000083700000| Untracked 
|  56|0x0000000083800000, 0x0000000083800000, 0x0000000083900000|  0%| F|  |TAMS 0x0000000083800000, 0x0000000083800000| Untracked 
|  57|0x0000000083900000, 0x0000000083900000, 0x0000000083a00000|  0%| F|  |TAMS 0x0000000083900000, 0x0000000083900000| Untracked 
|  58|0x0000000083a00000, 0x0000000083a00000, 0x0000000083b00000|  0%| F|  |TAMS 0x0000000083a00000, 0x0000000083a00000| Untracked 
|  59|0x0000000083b00000, 0x0000000083b00000, 0x0000000083c00000|  0%| F|  |TAMS 0x0000000083b00000, 0x0000000083b00000| Untracked 
|  60|0x0000000083c00000, 0x0000000083c00000, 0x0000000083d00000|  0%| F|  |TAMS 0x0000000083c00000, 0x0000000083c00000| Untracked 
|  61|0x0000000083d00000, 0x0000000083d00000, 0x0000000083e00000|  0%| F|  |TAMS 0x0000000083d00000, 0x0000000083d00000| Untracked 
|  62|0x0000000083e00000, 0x0000000083e00000, 0x0000000083f00000|  0%| F|  |TAMS 0x0000000083e00000, 0x0000000083e00000| Untracked 
|  63|0x0000000083f00000, 0x0000000083f00000, 0x0000000084000000|  0%| F|  |TAMS 0x0000000083f00000, 0x0000000083f00000| Untracked 
|  64|0x0000000084000000, 0x0000000084000000, 0x0000000084100000|  0%| F|  |TAMS 0x0000000084000000, 0x0000000084000000| Untracked 
|  65|0x0000000084100000, 0x0000000084100000, 0x0000000084200000|  0%| F|  |TAMS 0x0000000084100000, 0x0000000084100000| Untracked 
|  66|0x0000000084200000, 0x0000000084200000, 0x0000000084300000|  0%| F|  |TAMS 0x0000000084200000, 0x0000000084200000| Untracked 
|  67|0x0000000084300000, 0x0000000084300000, 0x0000000084400000|  0%| F|  |TAMS 0x0000000084300000, 0x0000000084300000| Untracked 
|  68|0x0000000084400000, 0x0000000084400000, 0x0000000084500000|  0%| F|  |TAMS 0x0000000084400000, 0x0000000084400000| Untracked 
|  69|0x0000000084500000, 0x0000000084500000, 0x0000000084600000|  0%| F|  |TAMS 0x0000000084500000, 0x0000000084500000| Untracked 
|  70|0x0000000084600000, 0x0000000084600000, 0x0000000084700000|  0%| F|  |TAMS 0x0000000084600000, 0x0000000084600000| Untracked 
|  71|0x0000000084700000, 0x0000000084700000, 0x0000000084800000|  0%| F|  |TAMS 0x0000000084700000, 0x0000000084700000| Untracked 
|  72|0x0000000084800000, 0x0000000084800000, 0x0000000084900000|  0%| F|  |TAMS 0x0000000084800000, 0x0000000084800000| Untracked 
|  73|0x0000000084900000, 0x0000000084900000, 0x0000000084a00000|  0%| F|  |TAMS 0x0000000084900000, 0x0000000084900000| Untracked 
|  74|0x0000000084a00000, 0x0000000084a00000, 0x0000000084b00000|  0%| F|  |TAMS 0x0000000084a00000, 0x0000000084a00000| Untracked 
|  75|0x0000000084b00000, 0x0000000084b00000, 0x0000000084c00000|  0%| F|  |TAMS 0x0000000084b00000, 0x0000000084b00000| Untracked 
|  76|0x0000000084c00000, 0x0000000084c00000, 0x0000000084d00000|  0%| F|  |TAMS 0x0000000084c00000, 0x0000000084c00000| Untracked 
|  77|0x0000000084d00000, 0x0000000084db3c98, 0x0000000084e00000| 70%| E|  |TAMS 0x0000000084d00000, 0x0000000084d00000| Complete 
|  78|0x0000000084e00000, 0x0000000084f00000, 0x0000000084f00000|100%| E|CS|TAMS 0x0000000084e00000, 0x0000000084e00000| Complete 
|  79|0x0000000084f00000, 0x0000000085000000, 0x0000000085000000|100%| E|CS|TAMS 0x0000000084f00000, 0x0000000084f00000| Complete 
|  80|0x0000000085000000, 0x0000000085100000, 0x0000000085100000|100%| E|CS|TAMS 0x0000000085000000, 0x0000000085000000| Complete 
|  81|0x0000000085100000, 0x0000000085200000, 0x0000000085200000|100%| E|CS|TAMS 0x0000000085100000, 0x0000000085100000| Complete 
|  82|0x0000000085200000, 0x0000000085300000, 0x0000000085300000|100%| E|CS|TAMS 0x0000000085200000, 0x0000000085200000| Complete 
|  83|0x0000000085300000, 0x0000000085400000, 0x0000000085400000|100%| E|CS|TAMS 0x0000000085300000, 0x0000000085300000| Complete 
|  84|0x0000000085400000, 0x0000000085500000, 0x0000000085500000|100%| E|CS|TAMS 0x0000000085400000, 0x0000000085400000| Complete 
|  85|0x0000000085500000, 0x0000000085600000, 0x0000000085600000|100%| E|CS|TAMS 0x0000000085500000, 0x0000000085500000| Complete 
|  86|0x0000000085600000, 0x0000000085700000, 0x0000000085700000|100%| E|CS|TAMS 0x0000000085600000, 0x0000000085600000| Complete 
|  87|0x0000000085700000, 0x0000000085800000, 0x0000000085800000|100%| E|CS|TAMS 0x0000000085700000, 0x0000000085700000| Complete 
|  88|0x0000000085800000, 0x0000000085900000, 0x0000000085900000|100%| E|CS|TAMS 0x0000000085800000, 0x0000000085800000| Complete 
|  89|0x0000000085900000, 0x0000000085a00000, 0x0000000085a00000|100%| E|CS|TAMS 0x0000000085900000, 0x0000000085900000| Complete 
|  90|0x0000000085a00000, 0x0000000085b00000, 0x0000000085b00000|100%| E|CS|TAMS 0x0000000085a00000, 0x0000000085a00000| Complete 
|  91|0x0000000085b00000, 0x0000000085c00000, 0x0000000085c00000|100%| E|CS|TAMS 0x0000000085b00000, 0x0000000085b00000| Complete 
|  92|0x0000000085c00000, 0x0000000085d00000, 0x0000000085d00000|100%| E|CS|TAMS 0x0000000085c00000, 0x0000000085c00000| Complete 
|  93|0x0000000085d00000, 0x0000000085e00000, 0x0000000085e00000|100%| E|CS|TAMS 0x0000000085d00000, 0x0000000085d00000| Complete 
|  94|0x0000000085e00000, 0x0000000085f00000, 0x0000000085f00000|100%| E|CS|TAMS 0x0000000085e00000, 0x0000000085e00000| Complete 
|  95|0x0000000085f00000, 0x0000000086000000, 0x0000000086000000|100%| E|CS|TAMS 0x0000000085f00000, 0x0000000085f00000| Complete 
|  96|0x0000000086000000, 0x0000000086100000, 0x0000000086100000|100%| E|CS|TAMS 0x0000000086000000, 0x0000000086000000| Complete 
|  97|0x0000000086100000, 0x0000000086200000, 0x0000000086200000|100%| E|CS|TAMS 0x0000000086100000, 0x0000000086100000| Complete 
|  98|0x0000000086200000, 0x0000000086300000, 0x0000000086300000|100%| E|CS|TAMS 0x0000000086200000, 0x0000000086200000| Complete 
|  99|0x0000000086300000, 0x0000000086400000, 0x0000000086400000|100%| E|CS|TAMS 0x0000000086300000, 0x0000000086300000| Complete 
| 100|0x0000000086400000, 0x0000000086500000, 0x0000000086500000|100%| E|CS|TAMS 0x0000000086400000, 0x0000000086400000| Complete 
| 101|0x0000000086500000, 0x0000000086600000, 0x0000000086600000|100%| E|CS|TAMS 0x0000000086500000, 0x0000000086500000| Complete 
| 102|0x0000000086600000, 0x0000000086700000, 0x0000000086700000|100%| E|CS|TAMS 0x0000000086600000, 0x0000000086600000| Complete 
| 103|0x0000000086700000, 0x00000000867dfef0, 0x0000000086800000| 87%| S|CS|TAMS 0x0000000086700000, 0x0000000086700000| Complete 
| 104|0x0000000086800000, 0x0000000086900000, 0x0000000086900000|100%| S|CS|TAMS 0x0000000086800000, 0x0000000086800000| Complete 
| 105|0x0000000086900000, 0x0000000086a00000, 0x0000000086a00000|100%| S|CS|TAMS 0x0000000086900000, 0x0000000086900000| Complete 
| 106|0x0000000086a00000, 0x0000000086b00000, 0x0000000086b00000|100%| S|CS|TAMS 0x0000000086a00000, 0x0000000086a00000| Complete 
| 107|0x0000000086b00000, 0x0000000086c00000, 0x0000000086c00000|100%| S|CS|TAMS 0x0000000086b00000, 0x0000000086b00000| Complete 
| 108|0x0000000086c00000, 0x0000000086d00000, 0x0000000086d00000|100%| E|CS|TAMS 0x0000000086c00000, 0x0000000086c00000| Complete 
| 109|0x0000000086d00000, 0x0000000086e00000, 0x0000000086e00000|100%| E|CS|TAMS 0x0000000086d00000, 0x0000000086d00000| Complete 
| 110|0x0000000086e00000, 0x0000000086f00000, 0x0000000086f00000|100%| E|CS|TAMS 0x0000000086e00000, 0x0000000086e00000| Complete 
| 111|0x0000000086f00000, 0x0000000087000000, 0x0000000087000000|100%| E|CS|TAMS 0x0000000086f00000, 0x0000000086f00000| Complete 
| 112|0x0000000087000000, 0x0000000087100000, 0x0000000087100000|100%| E|CS|TAMS 0x0000000087000000, 0x0000000087000000| Complete 
| 113|0x0000000087100000, 0x0000000087200000, 0x0000000087200000|100%| E|CS|TAMS 0x0000000087100000, 0x0000000087100000| Complete 
| 114|0x0000000087200000, 0x0000000087300000, 0x0000000087300000|100%| E|CS|TAMS 0x0000000087200000, 0x0000000087200000| Complete 
| 115|0x0000000087300000, 0x0000000087400000, 0x0000000087400000|100%| E|CS|TAMS 0x0000000087300000, 0x0000000087300000| Complete 
| 116|0x0000000087400000, 0x0000000087500000, 0x0000000087500000|100%| E|CS|TAMS 0x0000000087400000, 0x0000000087400000| Complete 
| 117|0x0000000087500000, 0x0000000087600000, 0x0000000087600000|100%| E|CS|TAMS 0x0000000087500000, 0x0000000087500000| Complete 
| 118|0x0000000087600000, 0x0000000087700000, 0x0000000087700000|100%| E|CS|TAMS 0x0000000087600000, 0x0000000087600000| Complete 
| 119|0x0000000087700000, 0x0000000087800000, 0x0000000087800000|100%| E|CS|TAMS 0x0000000087700000, 0x0000000087700000| Complete 
| 120|0x0000000087800000, 0x0000000087900000, 0x0000000087900000|100%| E|CS|TAMS 0x0000000087800000, 0x0000000087800000| Complete 
| 121|0x0000000087900000, 0x0000000087a00000, 0x0000000087a00000|100%| E|CS|TAMS 0x0000000087900000, 0x0000000087900000| Complete 
| 122|0x0000000087a00000, 0x0000000087b00000, 0x0000000087b00000|100%| E|CS|TAMS 0x0000000087a00000, 0x0000000087a00000| Complete 
| 123|0x0000000087b00000, 0x0000000087c00000, 0x0000000087c00000|100%| E|CS|TAMS 0x0000000087b00000, 0x0000000087b00000| Complete 
| 124|0x0000000087c00000, 0x0000000087d00000, 0x0000000087d00000|100%| E|CS|TAMS 0x0000000087c00000, 0x0000000087c00000| Complete 
| 125|0x0000000087d00000, 0x0000000087e00000, 0x0000000087e00000|100%| E|CS|TAMS 0x0000000087d00000, 0x0000000087d00000| Complete 
| 126|0x0000000087e00000, 0x0000000087f00000, 0x0000000087f00000|100%| E|CS|TAMS 0x0000000087e00000, 0x0000000087e00000| Complete 
| 127|0x0000000087f00000, 0x0000000088000000, 0x0000000088000000|100%| E|CS|TAMS 0x0000000087f00000, 0x0000000087f00000| Complete 

Card table byte_map: [0x000001ff732d0000,0x000001ff736d0000] _byte_map_base: 0x000001ff72ed0000

Marking Bits (Prev, Next): (CMBitMap*) 0x000001ff5e5edcd0, (CMBitMap*) 0x000001ff5e5edc98
 Prev Bits: [0x000001ff75ad0000, 0x000001ff77ad0000)
 Next Bits: [0x000001ff73ad0000, 0x000001ff75ad0000)

Polling page: 0x000001ff5e690000

Metaspace:

Usage:
  Non-class:     21.94 MB capacity,    21.51 MB ( 98%) used,   384.91 KB (  2%) free+waste,    47.38 KB ( <1%) overhead. 
      Class:      3.37 MB capacity,     3.18 MB ( 95%) used,   165.65 KB (  5%) free+waste,    23.75 KB ( <1%) overhead. 
       Both:     25.31 MB capacity,    24.70 MB ( 98%) used,   550.56 KB (  2%) free+waste,    71.13 KB ( <1%) overhead. 

Virtual space:
  Non-class space:       24.00 MB reserved,      22.17 MB ( 92%) committed 
      Class space:        1.00 GB reserved,       3.38 MB ( <1%) committed 
             Both:        1.02 GB reserved,      25.55 MB (  2%) committed 

Chunk freelists:
   Non-Class:  49.00 KB
       Class:  6.00 KB
        Both:  55.00 KB

MaxMetaspaceSize: 17179869184.00 GB
CompressedClassSpaceSize: 1.00 GB

CodeHeap 'non-profiled nmethods': size=120064Kb used=1133Kb max_used=1133Kb free=118930Kb
 bounds [0x000001ff6b370000, 0x000001ff6b5e0000, 0x000001ff728b0000]
CodeHeap 'profiled nmethods': size=120000Kb used=4777Kb max_used=4777Kb free=115222Kb
 bounds [0x000001ff63e40000, 0x000001ff642f0000, 0x000001ff6b370000]
CodeHeap 'non-nmethods': size=5696Kb used=1156Kb max_used=1185Kb free=4539Kb
 bounds [0x000001ff638b0000, 0x000001ff63b20000, 0x000001ff63e40000]
 total_blobs=2749 nmethods=2252 adapters=408
 compilation: enabled
              stopped_count=0, restarted_count=0
 full_count=0

Compilation events (20 events):
Event: 6.705 Thread 0x000001ff7a144000 2240       3       jdk.internal.reflect.NativeMethodAccessorImpl::invoke (104 bytes)
Event: 6.707 Thread 0x000001ff7a144000 nmethod 2240 0x000001ff642dee90 code [0x000001ff642df140, 0x000001ff642e0018]
Event: 6.716 Thread 0x000001ff7a13f800 nmethod 2225% 0x000001ff6b485910 code [0x000001ff6b485c20, 0x000001ff6b487210]
Event: 6.716 Thread 0x000001ff7a13f800 2226       4       com.google.common.base.CharMatcher::indexIn (48 bytes)
Event: 6.720 Thread 0x000001ff7a13f800 nmethod 2226 0x000001ff6b488410 code [0x000001ff6b4885c0, 0x000001ff6b4887c8]
Event: 6.720 Thread 0x000001ff7a13f800 2229 %     4       com.google.common.io.LineBuffer::add @ 47 (204 bytes)
Event: 6.747 Thread 0x000001ff7a144000 2242       3       java.io.DataOutputStream::<init> (19 bytes)
Event: 6.748 Thread 0x000001ff7a144000 nmethod 2242 0x000001ff642e0510 code [0x000001ff642e0700, 0x000001ff642e0bb8]
Event: 6.823 Thread 0x000001ff7a13f800 nmethod 2229% 0x000001ff6b488a10 code [0x000001ff6b488c40, 0x000001ff6b48a7c8]
Event: 6.856 Thread 0x000001ff7a144000 2243       3       java.util.concurrent.locks.AbstractQueuedSynchronizer::<init> (5 bytes)
Event: 6.856 Thread 0x000001ff7a144000 nmethod 2243 0x000001ff642e0d10 code [0x000001ff642e0ec0, 0x000001ff642e1078]
Event: 6.856 Thread 0x000001ff7a144000 2244       3       java.util.concurrent.ConcurrentHashMap::<init> (73 bytes)
Event: 6.857 Thread 0x000001ff7a144000 nmethod 2244 0x000001ff642e1190 code [0x000001ff642e13c0, 0x000001ff642e1938]
Event: 6.866 Thread 0x000001ff7a144000 2245       3       java.util.concurrent.locks.ReentrantLock$Sync::<init> (5 bytes)
Event: 6.867 Thread 0x000001ff7a144000 nmethod 2245 0x000001ff642e1b10 code [0x000001ff642e1ce0, 0x000001ff642e1ef8]
Event: 6.870 Thread 0x000001ff7a13f800 2246       4       java.net.URLClassLoader$1::run (5 bytes)
Event: 6.885 Thread 0x000001ff7a144000 2248       3       java.util.concurrent.locks.ReentrantLock$NonfairSync::<init> (5 bytes)
Event: 6.885 Thread 0x000001ff7a144000 nmethod 2248 0x000001ff642e2010 code [0x000001ff642e21e0, 0x000001ff642e2458]
Event: 6.886 Thread 0x000001ff7a144000 2249       3       org.gradle.internal.service.DefaultServiceRegistry$OwnServices::instanceRealized (209 bytes)
Event: 6.889 Thread 0x000001ff7a144000 nmethod 2249 0x000001ff642e2590 code [0x000001ff642e2b20, 0x000001ff642e5948]

GC Heap History (10 events):
Event: 0.626 GC heap before
{Heap before GC invocations=0 (full 0):
 garbage-first heap   total 131072K, used 19456K [0x0000000080000000, 0x0000000100000000)
  region size 1024K, 14 young (14336K), 0 survivors (0K)
 Metaspace       used 6730K, capacity 6921K, committed 7168K, reserved 1056768K
  class space    used 582K, capacity 650K, committed 768K, reserved 1048576K
}
Event: 0.633 GC heap after
{Heap after GC invocations=1 (full 0):
 garbage-first heap   total 131072K, used 7698K [0x0000000080000000, 0x0000000100000000)
  region size 1024K, 2 young (2048K), 2 survivors (2048K)
 Metaspace       used 6730K, capacity 6921K, committed 7168K, reserved 1056768K
  class space    used 582K, capacity 650K, committed 768K, reserved 1048576K
}
Event: 1.018 GC heap before
{Heap before GC invocations=1 (full 0):
 garbage-first heap   total 131072K, used 18962K [0x0000000080000000, 0x0000000100000000)
  region size 1024K, 13 young (13312K), 2 survivors (2048K)
 Metaspace       used 9854K, capacity 10050K, committed 10112K, reserved 1058816K
  class space    used 1028K, capacity 1102K, committed 1152K, reserved 1048576K
}
Event: 1.022 GC heap after
{Heap after GC invocations=2 (full 0):
 garbage-first heap   total 131072K, used 9213K [0x0000000080000000, 0x0000000100000000)
  region size 1024K, 2 young (2048K), 2 survivors (2048K)
 Metaspace       used 9854K, capacity 10050K, committed 10112K, reserved 1058816K
  class space    used 1028K, capacity 1102K, committed 1152K, reserved 1048576K
}
Event: 1.690 GC heap before
{Heap before GC invocations=2 (full 0):
 garbage-first heap   total 131072K, used 40957K [0x0000000080000000, 0x0000000100000000)
  region size 1024K, 33 young (33792K), 2 survivors (2048K)
 Metaspace       used 10843K, capacity 11069K, committed 11264K, reserved 1058816K
  class space    used 1131K, capacity 1207K, committed 1280K, reserved 1048576K
}
Event: 1.694 GC heap after
{Heap after GC invocations=3 (full 0):
 garbage-first heap   total 131072K, used 11373K [0x0000000080000000, 0x0000000100000000)
  region size 1024K, 4 young (4096K), 4 survivors (4096K)
 Metaspace       used 10843K, capacity 11069K, committed 11264K, reserved 1058816K
  class space    used 1131K, capacity 1207K, committed 1280K, reserved 1048576K
}
Event: 4.313 GC heap before
{Heap before GC invocations=3 (full 0):
 garbage-first heap   total 131072K, used 56429K [0x0000000080000000, 0x0000000100000000)
  region size 1024K, 48 young (49152K), 4 survivors (4096K)
 Metaspace       used 18363K, capacity 18808K, committed 19072K, reserved 1067008K
  class space    used 2180K, capacity 2332K, committed 2432K, reserved 1048576K
}
Event: 4.324 GC heap after
{Heap after GC invocations=4 (full 0):
 garbage-first heap   total 131072K, used 16061K [0x0000000080000000, 0x0000000100000000)
  region size 1024K, 6 young (6144K), 6 survivors (6144K)
 Metaspace       used 18363K, capacity 18808K, committed 19072K, reserved 1067008K
  class space    used 2180K, capacity 2332K, committed 2432K, reserved 1048576K
}
Event: 4.623 GC heap before
{Heap before GC invocations=4 (full 0):
 garbage-first heap   total 131072K, used 35517K [0x0000000080000000, 0x0000000100000000)
  region size 1024K, 26 young (26624K), 6 survivors (6144K)
 Metaspace       used 20661K, capacity 21112K, committed 21296K, reserved 1069056K
  class space    used 2525K, capacity 2674K, committed 2688K, reserved 1048576K
}
Event: 4.630 GC heap after
{Heap after GC invocations=5 (full 0):
 garbage-first heap   total 131072K, used 16913K [0x0000000080000000, 0x0000000100000000)
  region size 1024K, 5 young (5120K), 5 survivors (5120K)
 Metaspace       used 20661K, capacity 21112K, committed 21296K, reserved 1069056K
  class space    used 2525K, capacity 2674K, committed 2688K, reserved 1048576K
}

Deoptimization events (20 events):
Event: 4.657 Thread 0x000001ff7c625000 Uncommon trap: trap_request=0xffffff4d fr.pc=0x000001ff6b3e2f78 relative=0x00000000000005b8
Event: 4.657 Thread 0x000001ff7c625000 Uncommon trap: reason=unstable_if action=reinterpret pc=0x000001ff6b3e2f78 method=java.io.File.getName()Ljava/lang/String; @ 16 c2
Event: 4.657 Thread 0x000001ff7c625000 DEOPT PACKING pc=0x000001ff6b3e2f78 sp=0x0000005b4f3fb2f0
Event: 4.657 Thread 0x000001ff7c625000 DEOPT UNPACKING pc=0x000001ff638d662f sp=0x0000005b4f3fb2c0 mode 2
Event: 4.658 Thread 0x000001ff7c625000 Uncommon trap: trap_request=0xffffff4d fr.pc=0x000001ff6b3e1190 relative=0x0000000000000450
Event: 4.658 Thread 0x000001ff7c625000 Uncommon trap: reason=unstable_if action=reinterpret pc=0x000001ff6b3e1190 method=java.lang.String.substring(I)Ljava/lang/String; @ 34 c2
Event: 4.658 Thread 0x000001ff7c625000 DEOPT PACKING pc=0x000001ff6b3e1190 sp=0x0000005b4f3fb270
Event: 4.658 Thread 0x000001ff7c625000 DEOPT UNPACKING pc=0x000001ff638d662f sp=0x0000005b4f3fb248 mode 2
Event: 4.879 Thread 0x000001ff7c625000 Uncommon trap: trap_request=0xffffff4d fr.pc=0x000001ff6b450798 relative=0x0000000000000398
Event: 4.879 Thread 0x000001ff7c625000 Uncommon trap: reason=unstable_if action=reinterpret pc=0x000001ff6b450798 method=jdk.internal.org.objectweb.asm.Type.getArgumentsAndReturnSizes(Ljava/lang/String;)I @ 88 c2
Event: 4.879 Thread 0x000001ff7c625000 DEOPT PACKING pc=0x000001ff6b450798 sp=0x0000005b4f3f9800
Event: 4.879 Thread 0x000001ff7c625000 DEOPT UNPACKING pc=0x000001ff638d662f sp=0x0000005b4f3f9788 mode 2
Event: 6.224 Thread 0x000001ff7c625000 Uncommon trap: trap_request=0xffffff4d fr.pc=0x000001ff6b405be8 relative=0x0000000000000228
Event: 6.224 Thread 0x000001ff7c625000 Uncommon trap: reason=unstable_if action=reinterpret pc=0x000001ff6b405be8 method=java.util.concurrent.ConcurrentHashMap.get(Ljava/lang/Object;)Ljava/lang/Object; @ 76 c2
Event: 6.224 Thread 0x000001ff7c625000 DEOPT PACKING pc=0x000001ff6b405be8 sp=0x0000005b4f3f99c0
Event: 6.224 Thread 0x000001ff7c625000 DEOPT UNPACKING pc=0x000001ff638d662f sp=0x0000005b4f3f9928 mode 2
Event: 6.700 Thread 0x000001ff7c625000 Uncommon trap: trap_request=0xffffffcc fr.pc=0x000001ff6b484a78 relative=0x00000000000002b8
Event: 6.700 Thread 0x000001ff7c625000 Uncommon trap: reason=intrinsic_or_type_checked_inlining action=make_not_entrant pc=0x000001ff6b484a78 method=java.util.Arrays.copyOf([Ljava/lang/Object;ILjava/lang/Class;)[Ljava/lang/Object; @ 35 c2
Event: 6.700 Thread 0x000001ff7c625000 DEOPT PACKING pc=0x000001ff6b484a78 sp=0x0000005b4f3fa550
Event: 6.700 Thread 0x000001ff7c625000 DEOPT UNPACKING pc=0x000001ff638d662f sp=0x0000005b4f3fa4e0 mode 2

Classes redefined (0 events):
No events

Internal exceptions (20 events):
Event: 4.069 Thread 0x000001ff7bb2d000 Exception <a 'java/lang/NoSuchMethodError'{0x00000000860f35a0}: <clinit>> (0x00000000860f35a0) thrown at [./src/hotspot/share/prims/jni.cpp, line 1362]
Event: 4.166 Thread 0x000001ff7c625000 Exception <a 'java/lang/NoSuchMethodError'{0x00000000859e2748}: 'void java.lang.invoke.DirectMethodHandle$Holder.invokeVirtual(java.lang.Object, java.lang.Object, java.lang.Object, java.lang.Object)'> (0x00000000859e2748) thrown at [./src/hotspot/share/interpreter/linkResolver.cpp, line 773]
Event: 4.168 Thread 0x000001ff7c625000 Exception <a 'java/lang/NoSuchMethodError'{0x00000000859f1b18}: 'void java.lang.invoke.DelegatingMethodHandle$Holder.reinvoke_L(java.lang.Object, java.lang.Object, java.lang.Object, java.lang.Object)'> (0x00000000859f1b18) thrown at [./src/hotspot/share/interpreter/linkResolver.cpp, line 773]
Event: 4.174 Thread 0x000001ff7c625000 Exception <a 'java/lang/NoSuchMethodError'{0x0000000085822e20}: 'long java.lang.invoke.DirectMethodHandle$Holder.invokeInterface(java.lang.Object, java.lang.Object)'> (0x0000000085822e20) thrown at [./src/hotspot/share/interpreter/linkResolver.cpp, line 773]
Event: 4.177 Thread 0x000001ff7c625000 Exception <a 'java/lang/NoSuchMethodError'{0x00000000858463a0}: 'void java.lang.invoke.DelegatingMethodHandle$Holder.reinvoke_L(java.lang.Object, java.lang.Object, java.lang.Object, java.lang.Object, java.lang.Object, java.lang.Object, java.lang.Object)'> (0x00000000858463a0) thrown at [./src/hotspot/share/interpreter/linkResolver.cpp, line 773]
Event: 4.546 Thread 0x000001ff7c625000 Exception <a 'java/lang/NoSuchMethodError'{0x0000000086f0d5f8}: 'void java.lang.invoke.DirectMethodHandle$Holder.invokeStaticInit(java.lang.Object)'> (0x0000000086f0d5f8) thrown at [./src/hotspot/share/interpreter/linkResolver.cpp, line 773]
Event: 4.597 Thread 0x000001ff7c625000 Exception <a 'java/lang/NoSuchMethodError'{0x0000000086d3b018}: 'java.lang.Object java.lang.invoke.DirectMethodHandle$Holder.invokeStatic(java.lang.Object, java.lang.Object, java.lang.Object, int)'> (0x0000000086d3b018) thrown at [./src/hotspot/share/interpreter/linkResolver.cpp, line 773]
Event: 4.598 Thread 0x000001ff7c625000 Exception <a 'java/lang/NoSuchMethodError'{0x0000000086d3f488}: 'java.lang.Object java.lang.invoke.DirectMethodHandle$Holder.invokeSpecial(java.lang.Object, java.lang.Object, java.lang.Object, java.lang.Object, int)'> (0x0000000086d3f488) thrown at [./src/hotspot/share/interpreter/linkResolver.cpp, line 773]
Event: 4.598 Thread 0x000001ff7c625000 Exception <a 'java/lang/NoSuchMethodError'{0x0000000086d43118}: 'java.lang.Object java.lang.invoke.Invokers$Holder.linkToTargetMethod(java.lang.Object, java.lang.Object, int, java.lang.Object)'> (0x0000000086d43118) thrown at [./src/hotspot/share/interpreter/linkResolver.cpp, line 773]
Event: 4.727 Thread 0x000001ff7c625000 Exception <a 'java/lang/NoSuchMethodError'{0x0000000087c58a70}: 'int java.lang.invoke.DirectMethodHandle$Holder.invokeSpecialIFC(java.lang.Object, java.lang.Object, java.lang.Object, java.lang.Object)'> (0x0000000087c58a70) thrown at [./src/hotspot/share/interpreter/linkResolver.cpp, line 773]
Event: 4.734 Thread 0x000001ff7c625000 Exception <a 'java/lang/NoSuchMethodError'{0x0000000087c66c70}: 'java.lang.Object java.lang.invoke.DirectMethodHandle$Holder.invokeInterface(java.lang.Object, java.lang.Object, java.lang.Object)'> (0x0000000087c66c70) thrown at [./src/hotspot/share/interpreter/linkResolver.cpp, line 773]
Event: 4.734 Thread 0x000001ff7c625000 Exception <a 'java/lang/IncompatibleClassChangeError'{0x0000000087c6a148}: Found class java.lang.Object, but interface was expected> (0x0000000087c6a148) thrown at [./src/hotspot/share/interpreter/linkResolver.cpp, line 839]
Event: 4.785 Thread 0x000001ff7c625000 Exception <a 'java/lang/NoSuchMethodError'{0x0000000087a80238}: 'void java.lang.invoke.DirectMethodHandle$Holder.invokeStatic(java.lang.Object, java.lang.Object, java.lang.Object, java.lang.Object, java.lang.Object)'> (0x0000000087a80238) thrown at [./src/hotspot/share/interpreter/linkResolver.cpp, line 773]
Event: 5.051 Thread 0x000001ff7c625000 Exception <a 'java/lang/NoSuchMethodError'{0x0000000087369990}: 'java.lang.Object java.lang.invoke.DirectMethodHandle$Holder.invokeSpecial(java.lang.Object, java.lang.Object, java.lang.Object, java.lang.Object, java.lang.Object, java.lang.Object, java.lang.Object, java.lang.Object, java.lang.Object)'> (0x0000000087369990) thrown at [./src/hotspot/share/interpreter/linkResolver.cpp, line 773]
Event: 5.905 Thread 0x000001ff7c625000 Exception <a 'java/lang/NoSuchMethodError'{0x00000000864b4180}: 'java.lang.Object java.lang.invoke.DirectMethodHandle$Holder.invokeVirtual(java.lang.Object, java.lang.Object, java.lang.Object, java.lang.Object)'> (0x00000000864b4180) thrown at [./src/hotspot/share/interpreter/linkResolver.cpp, line 773]
Event: 6.332 Thread 0x000001ff7c625000 Exception <a 'java/lang/NoSuchMethodError'{0x0000000085d5ca80}: 'void java.lang.invoke.DirectMethodHandle$Holder.invokeSpecial(java.lang.Object, java.lang.Object, java.lang.Object, java.lang.Object, java.lang.Object, java.lang.Object)'> (0x0000000085d5ca80) thrown at [./src/hotspot/share/interpreter/linkResolver.cpp, line 773]
Event: 6.358 Thread 0x000001ff7c625000 Exception <a 'java/lang/NoSuchMethodError'{0x0000000085dcc860}: 'void java.lang.invoke.DirectMethodHandle$Holder.invokeSpecial(java.lang.Object, java.lang.Object, java.lang.Object, java.lang.Object, java.lang.Object, java.lang.Object, java.lang.Object)'> (0x0000000085dcc860) thrown at [./src/hotspot/share/interpreter/linkResolver.cpp, line 773]
Event: 6.359 Thread 0x000001ff7c625000 Exception <a 'java/lang/NoSuchMethodError'{0x0000000085dd4d50}: 'java.lang.Object java.lang.invoke.Invokers$Holder.linkToTargetMethod(java.lang.Object, java.lang.Object, java.lang.Object, java.lang.Object, java.lang.Object, java.lang.Object)'> (0x0000000085dd4d50) thrown at [./src/hotspot/share/interpreter/linkResolver.cpp, line 773]
Event: 6.577 Thread 0x000001ff7c625000 Exception <a 'java/lang/NoSuchMethodError'{0x000000008532d670}: 'int java.lang.invoke.DirectMethodHandle$Holder.invokeStaticInit(java.lang.Object, java.lang.Object, java.lang.Object)'> (0x000000008532d670) thrown at [./src/hotspot/share/interpreter/linkResolver.cpp, line 773]
Event: 6.911 Thread 0x000001ff7c625000 Exception <a 'java/lang/NoSuchMethodError'{0x0000000084e62648}: 'void java.lang.invoke.DirectMethodHandle$Holder.invokeStaticInit(java.lang.Object, java.lang.Object)'> (0x0000000084e62648) thrown at [./src/hotspot/share/interpreter/linkResolver.cpp, line 773]

Events (20 events):
Event: 6.904 loading class org/gradle/api/internal/file/AbstractFileResolver$2
Event: 6.904 loading class org/gradle/api/internal/file/AbstractFileResolver$2 done
Event: 6.905 loading class org/gradle/api/internal/artifacts/DefaultDependencyManagementServices
Event: 6.905 loading class org/gradle/api/internal/artifacts/DefaultDependencyManagementServices done
Event: 6.907 loading class org/gradle/internal/service/scopes/BuildScopeServices$DependencyMetaDataProviderImpl
Event: 6.907 loading class org/gradle/internal/service/scopes/BuildScopeServices$DependencyMetaDataProviderImpl done
Event: 6.908 loading class org/gradle/api/internal/artifacts/Module
Event: 6.908 loading class org/gradle/api/internal/artifacts/Module done
Event: 6.908 loading class org/gradle/plugin/use/internal/PluginRepositoriesProvider
Event: 6.908 loading class org/gradle/plugin/use/internal/PluginRepositoriesProvider done
Event: 6.909 loading class org/gradle/plugin/internal/PluginUsePluginServiceRegistry$BuildScopeServices$1
Event: 6.909 loading class org/gradle/plugin/internal/PluginUsePluginServiceRegistry$BuildScopeServices$1 done
Event: 6.912 loading class org/gradle/plugin/use/resolve/service/internal/ClientInjectedClasspathPluginResolver
Event: 6.912 loading class org/gradle/plugin/use/resolve/service/internal/ClientInjectedClasspathPluginResolver done
Event: 6.913 loading class org/gradle/api/internal/artifacts/ivyservice/ivyresolve/strategy/DefaultVersionComparator
Event: 6.913 loading class org/gradle/api/internal/artifacts/ivyservice/ivyresolve/strategy/DefaultVersionComparator done
Event: 6.914 loading class org/gradle/api/internal/artifacts/ivyservice/ivyresolve/strategy/StaticVersionComparator
Event: 6.914 loading class org/gradle/api/internal/artifacts/ivyservice/ivyresolve/strategy/StaticVersionComparator done
Event: 6.916 loading class org/gradle/api/internal/artifacts/ivyservice/ivyresolve/strategy/Version
Event: 6.916 loading class org/gradle/api/internal/artifacts/ivyservice/ivyresolve/strategy/Version done


Dynamic libraries:
0x00007ff6ef980000 - 0x00007ff6ef98a000 	C:\Program Files\Android\Android Studio\jre\bin\java.exe
0x00007ff86db00000 - 0x00007ff86dd09000 	C:\WINDOWS\SYSTEM32\ntdll.dll
0x00007ff86c870000 - 0x00007ff86c92d000 	C:\WINDOWS\System32\KERNEL32.DLL
0x00007ff86b4e0000 - 0x00007ff86b854000 	C:\WINDOWS\System32\KERNELBASE.dll
0x00007ff86aff0000 - 0x00007ff86b101000 	C:\WINDOWS\System32\ucrtbase.dll
0x00007ff849c30000 - 0x00007ff849c49000 	C:\Program Files\Android\Android Studio\jre\bin\jli.dll
0x00007ff86c320000 - 0x00007ff86c4cc000 	C:\WINDOWS\System32\USER32.dll
0x00007ff849430000 - 0x00007ff849447000 	C:\Program Files\Android\Android Studio\jre\bin\VCRUNTIME140.dll
0x00007ff86b970000 - 0x00007ff86b996000 	C:\WINDOWS\System32\win32u.dll
0x00007ff84dd40000 - 0x00007ff84dfe5000 	C:\WINDOWS\WinSxS\amd64_microsoft.windows.common-controls_6595b64144ccf1df_6.0.22000.120_none_9d947278b86cc467\COMCTL32.dll
0x00007ff86d750000 - 0x00007ff86d779000 	C:\WINDOWS\System32\GDI32.dll
0x00007ff86d780000 - 0x00007ff86d823000 	C:\WINDOWS\System32\msvcrt.dll
0x00007ff86b3c0000 - 0x00007ff86b4d2000 	C:\WINDOWS\System32\gdi32full.dll
0x00007ff86b860000 - 0x00007ff86b8fd000 	C:\WINDOWS\System32\msvcp_win.dll
0x00007ff86da80000 - 0x00007ff86dab1000 	C:\WINDOWS\System32\IMM32.DLL
0x00007ff82b1e0000 - 0x00007ff82b27d000 	C:\Program Files\Android\Android Studio\jre\bin\msvcp140.dll
0x00007fffe5b00000 - 0x00007fffe65d5000 	C:\Program Files\Android\Android Studio\jre\bin\server\jvm.dll
0x00007ff86d0e0000 - 0x00007ff86d18e000 	C:\WINDOWS\System32\ADVAPI32.dll
0x00007ff86d6b0000 - 0x00007ff86d74e000 	C:\WINDOWS\System32\sechost.dll
0x00007ff86d320000 - 0x00007ff86d440000 	C:\WINDOWS\System32\RPCRT4.dll
0x00007ff86d980000 - 0x00007ff86d988000 	C:\WINDOWS\System32\PSAPI.DLL
0x00007ff840800000 - 0x00007ff840809000 	C:\WINDOWS\SYSTEM32\WSOCK32.dll
0x00007ff860040000 - 0x00007ff860073000 	C:\WINDOWS\SYSTEM32\WINMM.dll
0x00007ff86d910000 - 0x00007ff86d97f000 	C:\WINDOWS\System32\WS2_32.dll
0x00007ff869c60000 - 0x00007ff869c6a000 	C:\WINDOWS\SYSTEM32\VERSION.dll
0x00007ff86a0b0000 - 0x00007ff86a0c8000 	C:\WINDOWS\SYSTEM32\kernel.appcore.dll
0x00007ff850f70000 - 0x00007ff850f81000 	C:\Program Files\Android\Android Studio\jre\bin\verify.dll
0x00007ff866dc0000 - 0x00007ff866fe1000 	C:\WINDOWS\SYSTEM32\DBGHELP.DLL
0x00007ff83a7b0000 - 0x00007ff83a7e1000 	C:\WINDOWS\SYSTEM32\dbgcore.DLL
0x00007ff86b340000 - 0x00007ff86b3bf000 	C:\WINDOWS\System32\bcryptPrimitives.dll
0x00007ff850f40000 - 0x00007ff850f69000 	C:\Program Files\Android\Android Studio\jre\bin\java.dll
0x00007ff8600b0000 - 0x00007ff8600bb000 	C:\Program Files\Android\Android Studio\jre\bin\jimage.dll
0x00007ff850f20000 - 0x00007ff850f38000 	C:\Program Files\Android\Android Studio\jre\bin\zip.dll
0x00007ff86c930000 - 0x00007ff86d0de000 	C:\WINDOWS\System32\SHELL32.dll
0x00007ff868fe0000 - 0x00007ff869848000 	C:\WINDOWS\SYSTEM32\windows.storage.dll
0x00007ff86bf40000 - 0x00007ff86c2b8000 	C:\WINDOWS\System32\combase.dll
0x00007ff868e70000 - 0x00007ff868fd6000 	C:\WINDOWS\SYSTEM32\wintypes.dll
0x00007ff86c5c0000 - 0x00007ff86c6aa000 	C:\WINDOWS\System32\SHCORE.dll
0x00007ff86d260000 - 0x00007ff86d2bd000 	C:\WINDOWS\System32\shlwapi.dll
0x00007ff86af20000 - 0x00007ff86af41000 	C:\WINDOWS\SYSTEM32\profapi.dll
0x00007ff850f00000 - 0x00007ff850f1a000 	C:\Program Files\Android\Android Studio\jre\bin\net.dll
0x00007ff85ebb0000 - 0x00007ff85ecbc000 	C:\WINDOWS\SYSTEM32\WINHTTP.dll
0x00007ff86a4e0000 - 0x00007ff86a547000 	C:\WINDOWS\system32\mswsock.dll
0x00007ff850ee0000 - 0x00007ff850ef4000 	C:\Program Files\Android\Android Studio\jre\bin\nio.dll
0x00007ff857d90000 - 0x00007ff857db7000 	C:\Users\fritz\.gradle\native\e1d6ef7f7dcc3fd88c89a11ec53ec762bb8ba0a96d01ffa2cd45eb1d1d8dd5c5\windows-amd64\native-platform.dll
0x00007ff8277e0000 - 0x00007ff827924000 	C:\Users\fritz\.gradle\native\5664cfc778a61ccfe75a443a1ab52a65af34e5dc3c78e0209fed803814484fcb\windows-amd64\native-platform-file-events.dll
0x00007ff85cc80000 - 0x00007ff85cc8a000 	C:\Program Files\Android\Android Studio\jre\bin\management.dll
0x00007ff850fb0000 - 0x00007ff850fbd000 	C:\Program Files\Android\Android Studio\jre\bin\management_ext.dll
0x00007ff86a710000 - 0x00007ff86a728000 	C:\WINDOWS\SYSTEM32\CRYPTSP.dll
0x00007ff86a010000 - 0x00007ff86a045000 	C:\WINDOWS\system32\rsaenh.dll
0x00007ff86a5b0000 - 0x00007ff86a5d9000 	C:\WINDOWS\SYSTEM32\USERENV.dll
0x00007ff86a8e0000 - 0x00007ff86a907000 	C:\WINDOWS\SYSTEM32\bcrypt.dll
0x00007ff86a730000 - 0x00007ff86a73c000 	C:\WINDOWS\SYSTEM32\CRYPTBASE.dll
0x00007ff869a90000 - 0x00007ff869abd000 	C:\WINDOWS\SYSTEM32\IPHLPAPI.DLL
0x00007ff86d230000 - 0x00007ff86d239000 	C:\WINDOWS\System32\NSI.dll
0x00007ff85ee60000 - 0x00007ff85ee79000 	C:\WINDOWS\SYSTEM32\dhcpcsvc6.DLL
0x00007ff85f040000 - 0x00007ff85f05e000 	C:\WINDOWS\SYSTEM32\dhcpcsvc.DLL
0x00007ff869ac0000 - 0x00007ff869ba7000 	C:\WINDOWS\SYSTEM32\DNSAPI.dll

dbghelp: loaded successfully - version: 4.0.5 - missing functions: none
symbol engine: initialized successfully - sym options: 0x614 - pdb path: .;C:\Program Files\Android\Android Studio\jre\bin;C:\WINDOWS\SYSTEM32;C:\WINDOWS\WinSxS\amd64_microsoft.windows.common-controls_6595b64144ccf1df_6.0.22000.120_none_9d947278b86cc467;C:\Program Files\Android\Android Studio\jre\bin\server;C:\Users\fritz\.gradle\native\e1d6ef7f7dcc3fd88c89a11ec53ec762bb8ba0a96d01ffa2cd45eb1d1d8dd5c5\windows-amd64;C:\Users\fritz\.gradle\native\5664cfc778a61ccfe75a443a1ab52a65af34e5dc3c78e0209fed803814484fcb\windows-amd64

VM Arguments:
jvm_args: --add-opens=java.base/java.util=ALL-UNNAMED --add-opens=java.base/java.lang=ALL-UNNAMED --add-opens=java.base/java.lang.invoke=ALL-UNNAMED --add-opens=java.base/java.util=ALL-UNNAMED --add-opens=java.prefs/java.util.prefs=ALL-UNNAMED --add-opens=java.prefs/java.util.prefs=ALL-UNNAMED --add-opens=java.base/java.nio.charset=ALL-UNNAMED --add-opens=java.base/java.net=ALL-UNNAMED --add-opens=java.base/java.util.concurrent.atomic=ALL-UNNAMED -Xmx2048m -Dfile.encoding=UTF-8 -Duser.country=US -Duser.language=en -Duser.variant 
java_command: org.gradle.launcher.daemon.bootstrap.GradleDaemon 7.2
java_class_path (initial): C:\Users\fritz\.gradle\wrapper\dists\gradle-7.2-bin\2dnblmf4td7x66yl1d74lt32g\gradle-7.2\lib\gradle-launcher-7.2.jar
Launcher Type: SUN_STANDARD

[Global flags]
     intx CICompilerCount                          = 3                                         {product} {ergonomic}
     uint ConcGCThreads                            = 1                                         {product} {ergonomic}
     uint G1ConcRefinementThreads                  = 4                                         {product} {ergonomic}
   size_t G1HeapRegionSize                         = 1048576                                   {product} {ergonomic}
    uintx GCDrainStackTargetSize                   = 64                                        {product} {ergonomic}
   size_t InitialHeapSize                          = 134217728                                 {product} {ergonomic}
   size_t MarkStackSize                            = 4194304                                   {product} {ergonomic}
   size_t MaxHeapSize                              = 2147483648                                {product} {command line}
   size_t MaxNewSize                               = 1287651328                                {product} {ergonomic}
   size_t MinHeapDeltaBytes                        = 1048576                                   {product} {ergonomic}
    uintx NonNMethodCodeHeapSize                   = 5830732                                {pd product} {ergonomic}
    uintx NonProfiledCodeHeapSize                  = 122913754                              {pd product} {ergonomic}
    uintx ProfiledCodeHeapSize                     = 122913754                              {pd product} {ergonomic}
    uintx ReservedCodeCacheSize                    = 251658240                              {pd product} {ergonomic}
     bool SegmentedCodeCache                       = true                                      {product} {ergonomic}
     bool UseCompressedClassPointers               = true                                 {lp64_product} {ergonomic}
     bool UseCompressedOops                        = true                                 {lp64_product} {ergonomic}
     bool UseG1GC                                  = true                                      {product} {ergonomic}
     bool UseLargePagesIndividualAllocation        = false                                  {pd product} {ergonomic}

Logging:
Log output configuration:
 #0: stdout all=warning uptime,level,tags
 #1: stderr all=off uptime,level,tags

Environment Variables:
PATH=C:\WINDOWS\system32;C:\WINDOWS;C:\WINDOWS\System32\Wbem;C:\WINDOWS\System32\WindowsPowerShell\v1.0\;C:\WINDOWS\System32\OpenSSH\;C:\Program Files\Intel\WiFi\bin\;C:\Program Files\Common Files\Intel\WirelessCommon\;C:\wamp64\bin\php\php7.4.0;C:\ProgramData\ComposerSetup\bin;C:\Program Files\Java\jdk1.8.0_241\bin;C:\Program Files\PuTTY\;C:\Program Files\Symfony;C:\Program Files\Git\cmd;C:\Program Files\nodejs\;C:\Program Files\Microsoft SQL Server\130\Tools\Binn\;C:\Program Files (x86)\Intel\Intel(R) Management Engine Components\DAL;C:\Program Files\Intel\Intel(R) Management Engine Components\DAL;C:\Users\fritz\AppData\Local\Android\Sdk\platform-tools\;;C:\WINDOWS\system32;C:\WINDOWS;C:\WINDOWS\System32\Wbem;C:\WINDOWS\System32\WindowsPowerShell\v1.0\;C:\WINDOWS\System32\OpenSSH\;C:\Program Files\Docker\Docker\resources\bin;C:\ProgramData\DockerDesktop\version-bin;C:\Program Files\dotnet\;C:\Program Files (x86)\dotnet\;C:\Ruby27-x64\bin;C:\Users\fritz\AppData\Local\Programs\Python\Python39\Scripts\;C:\Users\fritz\AppData\Local\Programs\Python\Python39\;C:\Users\fritz\AppData\Local\Microsoft\WindowsApps;C:\Program Files\Intel\WiFi\bin\;C:\Program Files\Common Files\Intel\WirelessCommon\;C:\Users\fritz\AppData\Local\Programs\Microsoft VS Code\bin;C:\Users\fritz\AppData\Roaming\Composer\vendor\bin;C:\Users\fritz\.dotnet\tools;C:\Users\fritz\AppData\Local\GitHubDesktop\bin;C:\Users\fritz\AppData\Roaming\npm;C:\Program Files\JetBrains\DataGrip 2021.3.4\bin;;
USERNAME=fritz
OS=Windows_NT
PROCESSOR_IDENTIFIER=Intel64 Family 6 Model 142 Stepping 9, GenuineIntel



---------------  S Y S T E M  ---------------

OS: Windows 10 , 64 bit Build 22000 (10.0.22000.434)
OS uptime: 0 days 2:54 hours
Hyper-V role detected

CPU:total 4 (initial active 4) (2 cores per cpu, 2 threads per core) family 6 model 142 stepping 9 microcode 0xec, cmov, cx8, fxsr, mmx, sse, sse2, sse3, ssse3, sse4.1, sse4.2, popcnt, avx, avx2, aes, clmul, erms, 3dnowpref, lzcnt, ht, tsc, tscinvbit, bmi1, bmi2, adx, fma

Memory: 4k page, system-wide physical 8067M (926M free)
TotalPageFile size 10999M (AvailPageFile size 27M)
current process WorkingSet (physical memory assigned to process): 173M, peak: 175M
current process commit charge ("private bytes"): 264M, peak: 268M

vm_info: OpenJDK 64-Bit Server VM (11.0.11+9-b60-7590822) for windows-amd64 JRE (11.0.11+9-b60-7590822), built on Jul 29 2021 21:43:44 by "builder" with MS VC++ 14.0 (VS2015)

END.
